2020-07-05 20:35:59: { Error: Cannot find module './index.json'
2020-07-05 20:35:59:     at Function.Module._resolveFilename (internal/modules/cjs/loader.js:636:15)
2020-07-05 20:35:59:     at Module.Hook._require.Module.require (E:\nodeT\Dave\node_modules\require-in-the-middle\index.js:51:29)
2020-07-05 20:35:59:     at require (internal/modules/cjs/helpers.js:25:18)
2020-07-05 20:35:59:     at Object.<anonymous> (E:\nodeT\Dave\build\config\part_unity.js:10:14)
2020-07-05 20:35:59:     at Module._compile (internal/modules/cjs/loader.js:778:30)
2020-07-05 20:35:59:     at Object.Module._extensions..js (internal/modules/cjs/loader.js:789:10)
2020-07-05 20:35:59:     at Module.load (internal/modules/cjs/loader.js:653:32)
2020-07-05 20:35:59:     at tryModuleLoad (internal/modules/cjs/loader.js:593:12)
2020-07-05 20:35:59:     at Function.Module._load (internal/modules/cjs/loader.js:585:3)
2020-07-05 20:35:59:     at Module.require (internal/modules/cjs/loader.js:692:17) code: 'MODULE_NOT_FOUND' }
2020-07-05 20:36:03: { Error: Cannot find module './index.json'
2020-07-05 20:36:03:     at Function.Module._resolveFilename (internal/modules/cjs/loader.js:636:15)
2020-07-05 20:36:03:     at Module.Hook._require.Module.require (E:\nodeT\Dave\node_modules\require-in-the-middle\index.js:51:29)
2020-07-05 20:36:03:     at require (internal/modules/cjs/helpers.js:25:18)
2020-07-05 20:36:03:     at Object.<anonymous> (E:\nodeT\Dave\build\config\part_unity.js:10:14)
2020-07-05 20:36:03:     at Module._compile (internal/modules/cjs/loader.js:778:30)
2020-07-05 20:36:03:     at Object.Module._extensions..js (internal/modules/cjs/loader.js:789:10)
2020-07-05 20:36:03:     at Module.load (internal/modules/cjs/loader.js:653:32)
2020-07-05 20:36:03:     at tryModuleLoad (internal/modules/cjs/loader.js:593:12)
2020-07-05 20:36:03:     at Function.Module._load (internal/modules/cjs/loader.js:585:3)
2020-07-05 20:36:03:     at Module.require (internal/modules/cjs/loader.js:692:17) code: 'MODULE_NOT_FOUND' }
2020-07-05 20:36:06: { Error: Cannot find module './index.json'
2020-07-05 20:36:06:     at Function.Module._resolveFilename (internal/modules/cjs/loader.js:636:15)
2020-07-05 20:36:06:     at Module.Hook._require.Module.require (E:\nodeT\Dave\node_modules\require-in-the-middle\index.js:51:29)
2020-07-05 20:36:06:     at require (internal/modules/cjs/helpers.js:25:18)
2020-07-05 20:36:06:     at Object.<anonymous> (E:\nodeT\Dave\build\config\part_unity.js:10:14)
2020-07-05 20:36:06:     at Module._compile (internal/modules/cjs/loader.js:778:30)
2020-07-05 20:36:06:     at Object.Module._extensions..js (internal/modules/cjs/loader.js:789:10)
2020-07-05 20:36:06:     at Module.load (internal/modules/cjs/loader.js:653:32)
2020-07-05 20:36:06:     at tryModuleLoad (internal/modules/cjs/loader.js:593:12)
2020-07-05 20:36:06:     at Function.Module._load (internal/modules/cjs/loader.js:585:3)
2020-07-05 20:36:06:     at Module.require (internal/modules/cjs/loader.js:692:17) code: 'MODULE_NOT_FOUND' }
2020-07-05 20:36:08: { Error: Cannot find module './index.json'
2020-07-05 20:36:08:     at Function.Module._resolveFilename (internal/modules/cjs/loader.js:636:15)
2020-07-05 20:36:08:     at Module.Hook._require.Module.require (E:\nodeT\Dave\node_modules\require-in-the-middle\index.js:51:29)
2020-07-05 20:36:08:     at require (internal/modules/cjs/helpers.js:25:18)
2020-07-05 20:36:08:     at Object.<anonymous> (E:\nodeT\Dave\build\config\part_unity.js:10:14)
2020-07-05 20:36:08:     at Module._compile (internal/modules/cjs/loader.js:778:30)
2020-07-05 20:36:08:     at Object.Module._extensions..js (internal/modules/cjs/loader.js:789:10)
2020-07-05 20:36:08:     at Module.load (internal/modules/cjs/loader.js:653:32)
2020-07-05 20:36:08:     at tryModuleLoad (internal/modules/cjs/loader.js:593:12)
2020-07-05 20:36:08:     at Function.Module._load (internal/modules/cjs/loader.js:585:3)
2020-07-05 20:36:08:     at Module.require (internal/modules/cjs/loader.js:692:17) code: 'MODULE_NOT_FOUND' }
2020-07-05 20:36:09: { Error: Cannot find module './index.json'
2020-07-05 20:36:09:     at Function.Module._resolveFilename (internal/modules/cjs/loader.js:636:15)
2020-07-05 20:36:09:     at Module.Hook._require.Module.require (E:\nodeT\Dave\node_modules\require-in-the-middle\index.js:51:29)
2020-07-05 20:36:09:     at require (internal/modules/cjs/helpers.js:25:18)
2020-07-05 20:36:09:     at Object.<anonymous> (E:\nodeT\Dave\build\config\part_unity.js:10:14)
2020-07-05 20:36:09:     at Module._compile (internal/modules/cjs/loader.js:778:30)
2020-07-05 20:36:09:     at Object.Module._extensions..js (internal/modules/cjs/loader.js:789:10)
2020-07-05 20:36:09:     at Module.load (internal/modules/cjs/loader.js:653:32)
2020-07-05 20:36:09:     at tryModuleLoad (internal/modules/cjs/loader.js:593:12)
2020-07-05 20:36:09:     at Function.Module._load (internal/modules/cjs/loader.js:585:3)
2020-07-05 20:36:09:     at Module.require (internal/modules/cjs/loader.js:692:17) code: 'MODULE_NOT_FOUND' }
2020-07-05 20:36:10: { Error: Cannot find module './index.json'
2020-07-05 20:36:10:     at Function.Module._resolveFilename (internal/modules/cjs/loader.js:636:15)
2020-07-05 20:36:10:     at Module.Hook._require.Module.require (E:\nodeT\Dave\node_modules\require-in-the-middle\index.js:51:29)
2020-07-05 20:36:10:     at require (internal/modules/cjs/helpers.js:25:18)
2020-07-05 20:36:10:     at Object.<anonymous> (E:\nodeT\Dave\build\config\part_unity.js:10:14)
2020-07-05 20:36:10:     at Module._compile (internal/modules/cjs/loader.js:778:30)
2020-07-05 20:36:10:     at Object.Module._extensions..js (internal/modules/cjs/loader.js:789:10)
2020-07-05 20:36:10:     at Module.load (internal/modules/cjs/loader.js:653:32)
2020-07-05 20:36:10:     at tryModuleLoad (internal/modules/cjs/loader.js:593:12)
2020-07-05 20:36:10:     at Function.Module._load (internal/modules/cjs/loader.js:585:3)
2020-07-05 20:36:10:     at Module.require (internal/modules/cjs/loader.js:692:17) code: 'MODULE_NOT_FOUND' }
2020-07-05 20:36:11: { Error: Cannot find module './index.json'
2020-07-05 20:36:11:     at Function.Module._resolveFilename (internal/modules/cjs/loader.js:636:15)
2020-07-05 20:36:11:     at Module.Hook._require.Module.require (E:\nodeT\Dave\node_modules\require-in-the-middle\index.js:51:29)
2020-07-05 20:36:11:     at require (internal/modules/cjs/helpers.js:25:18)
2020-07-05 20:36:11:     at Object.<anonymous> (E:\nodeT\Dave\build\config\part_unity.js:10:14)
2020-07-05 20:36:11:     at Module._compile (internal/modules/cjs/loader.js:778:30)
2020-07-05 20:36:11:     at Object.Module._extensions..js (internal/modules/cjs/loader.js:789:10)
2020-07-05 20:36:11:     at Module.load (internal/modules/cjs/loader.js:653:32)
2020-07-05 20:36:11:     at tryModuleLoad (internal/modules/cjs/loader.js:593:12)
2020-07-05 20:36:11:     at Function.Module._load (internal/modules/cjs/loader.js:585:3)
2020-07-05 20:36:11:     at Module.require (internal/modules/cjs/loader.js:692:17) code: 'MODULE_NOT_FOUND' }
2020-07-05 20:36:12: { Error: Cannot find module './index.json'
2020-07-05 20:36:12:     at Function.Module._resolveFilename (internal/modules/cjs/loader.js:636:15)
2020-07-05 20:36:12:     at Module.Hook._require.Module.require (E:\nodeT\Dave\node_modules\require-in-the-middle\index.js:51:29)
2020-07-05 20:36:12:     at require (internal/modules/cjs/helpers.js:25:18)
2020-07-05 20:36:12:     at Object.<anonymous> (E:\nodeT\Dave\build\config\part_unity.js:10:14)
2020-07-05 20:36:12:     at Module._compile (internal/modules/cjs/loader.js:778:30)
2020-07-05 20:36:12:     at Object.Module._extensions..js (internal/modules/cjs/loader.js:789:10)
2020-07-05 20:36:12:     at Module.load (internal/modules/cjs/loader.js:653:32)
2020-07-05 20:36:12:     at tryModuleLoad (internal/modules/cjs/loader.js:593:12)
2020-07-05 20:36:12:     at Function.Module._load (internal/modules/cjs/loader.js:585:3)
2020-07-05 20:36:12:     at Module.require (internal/modules/cjs/loader.js:692:17) code: 'MODULE_NOT_FOUND' }
2020-07-05 20:36:13: { Error: Cannot find module './index.json'
2020-07-05 20:36:13:     at Function.Module._resolveFilename (internal/modules/cjs/loader.js:636:15)
2020-07-05 20:36:13:     at Module.Hook._require.Module.require (E:\nodeT\Dave\node_modules\require-in-the-middle\index.js:51:29)
2020-07-05 20:36:13:     at require (internal/modules/cjs/helpers.js:25:18)
2020-07-05 20:36:13:     at Object.<anonymous> (E:\nodeT\Dave\build\config\part_unity.js:10:14)
2020-07-05 20:36:13:     at Module._compile (internal/modules/cjs/loader.js:778:30)
2020-07-05 20:36:13:     at Object.Module._extensions..js (internal/modules/cjs/loader.js:789:10)
2020-07-05 20:36:13:     at Module.load (internal/modules/cjs/loader.js:653:32)
2020-07-05 20:36:13:     at tryModuleLoad (internal/modules/cjs/loader.js:593:12)
2020-07-05 20:36:13:     at Function.Module._load (internal/modules/cjs/loader.js:585:3)
2020-07-05 20:36:13:     at Module.require (internal/modules/cjs/loader.js:692:17) code: 'MODULE_NOT_FOUND' }
2020-07-05 20:36:14: { Error: Cannot find module './index.json'
2020-07-05 20:36:14:     at Function.Module._resolveFilename (internal/modules/cjs/loader.js:636:15)
2020-07-05 20:36:14:     at Module.Hook._require.Module.require (E:\nodeT\Dave\node_modules\require-in-the-middle\index.js:51:29)
2020-07-05 20:36:14:     at require (internal/modules/cjs/helpers.js:25:18)
2020-07-05 20:36:14:     at Object.<anonymous> (E:\nodeT\Dave\build\config\part_unity.js:10:14)
2020-07-05 20:36:14:     at Module._compile (internal/modules/cjs/loader.js:778:30)
2020-07-05 20:36:14:     at Object.Module._extensions..js (internal/modules/cjs/loader.js:789:10)
2020-07-05 20:36:14:     at Module.load (internal/modules/cjs/loader.js:653:32)
2020-07-05 20:36:14:     at tryModuleLoad (internal/modules/cjs/loader.js:593:12)
2020-07-05 20:36:14:     at Function.Module._load (internal/modules/cjs/loader.js:585:3)
2020-07-05 20:36:14:     at Module.require (internal/modules/cjs/loader.js:692:17) code: 'MODULE_NOT_FOUND' }
2020-07-05 20:36:14: { Error: Cannot find module './index.json'
2020-07-05 20:36:14:     at Function.Module._resolveFilename (internal/modules/cjs/loader.js:636:15)
2020-07-05 20:36:14:     at Module.Hook._require.Module.require (E:\nodeT\Dave\node_modules\require-in-the-middle\index.js:51:29)
2020-07-05 20:36:14:     at require (internal/modules/cjs/helpers.js:25:18)
2020-07-05 20:36:14:     at Object.<anonymous> (E:\nodeT\Dave\build\config\part_unity.js:10:14)
2020-07-05 20:36:14:     at Module._compile (internal/modules/cjs/loader.js:778:30)
2020-07-05 20:36:14:     at Object.Module._extensions..js (internal/modules/cjs/loader.js:789:10)
2020-07-05 20:36:14:     at Module.load (internal/modules/cjs/loader.js:653:32)
2020-07-05 20:36:14:     at tryModuleLoad (internal/modules/cjs/loader.js:593:12)
2020-07-05 20:36:14:     at Function.Module._load (internal/modules/cjs/loader.js:585:3)
2020-07-05 20:36:14:     at Module.require (internal/modules/cjs/loader.js:692:17) code: 'MODULE_NOT_FOUND' }
2020-07-05 20:36:15: { Error: Cannot find module './index.json'
2020-07-05 20:36:15:     at Function.Module._resolveFilename (internal/modules/cjs/loader.js:636:15)
2020-07-05 20:36:15:     at Module.Hook._require.Module.require (E:\nodeT\Dave\node_modules\require-in-the-middle\index.js:51:29)
2020-07-05 20:36:15:     at require (internal/modules/cjs/helpers.js:25:18)
2020-07-05 20:36:15:     at Object.<anonymous> (E:\nodeT\Dave\build\config\part_unity.js:10:14)
2020-07-05 20:36:15:     at Module._compile (internal/modules/cjs/loader.js:778:30)
2020-07-05 20:36:15:     at Object.Module._extensions..js (internal/modules/cjs/loader.js:789:10)
2020-07-05 20:36:15:     at Module.load (internal/modules/cjs/loader.js:653:32)
2020-07-05 20:36:15:     at tryModuleLoad (internal/modules/cjs/loader.js:593:12)
2020-07-05 20:36:15:     at Function.Module._load (internal/modules/cjs/loader.js:585:3)
2020-07-05 20:36:15:     at Module.require (internal/modules/cjs/loader.js:692:17) code: 'MODULE_NOT_FOUND' }
2020-07-05 20:36:16: { Error: Cannot find module './index.json'
2020-07-05 20:36:16:     at Function.Module._resolveFilename (internal/modules/cjs/loader.js:636:15)
2020-07-05 20:36:16:     at Module.Hook._require.Module.require (E:\nodeT\Dave\node_modules\require-in-the-middle\index.js:51:29)
2020-07-05 20:36:16:     at require (internal/modules/cjs/helpers.js:25:18)
2020-07-05 20:36:16:     at Object.<anonymous> (E:\nodeT\Dave\build\config\part_unity.js:10:14)
2020-07-05 20:36:16:     at Module._compile (internal/modules/cjs/loader.js:778:30)
2020-07-05 20:36:16:     at Object.Module._extensions..js (internal/modules/cjs/loader.js:789:10)
2020-07-05 20:36:16:     at Module.load (internal/modules/cjs/loader.js:653:32)
2020-07-05 20:36:16:     at tryModuleLoad (internal/modules/cjs/loader.js:593:12)
2020-07-05 20:36:16:     at Function.Module._load (internal/modules/cjs/loader.js:585:3)
2020-07-05 20:36:16:     at Module.require (internal/modules/cjs/loader.js:692:17) code: 'MODULE_NOT_FOUND' }
2020-07-05 20:36:16: { Error: Cannot find module './index.json'
2020-07-05 20:36:16:     at Function.Module._resolveFilename (internal/modules/cjs/loader.js:636:15)
2020-07-05 20:36:16:     at Module.Hook._require.Module.require (E:\nodeT\Dave\node_modules\require-in-the-middle\index.js:51:29)
2020-07-05 20:36:16:     at require (internal/modules/cjs/helpers.js:25:18)
2020-07-05 20:36:16:     at Object.<anonymous> (E:\nodeT\Dave\build\config\part_unity.js:10:14)
2020-07-05 20:36:16:     at Module._compile (internal/modules/cjs/loader.js:778:30)
2020-07-05 20:36:16:     at Object.Module._extensions..js (internal/modules/cjs/loader.js:789:10)
2020-07-05 20:36:16:     at Module.load (internal/modules/cjs/loader.js:653:32)
2020-07-05 20:36:16:     at tryModuleLoad (internal/modules/cjs/loader.js:593:12)
2020-07-05 20:36:16:     at Function.Module._load (internal/modules/cjs/loader.js:585:3)
2020-07-05 20:36:16:     at Module.require (internal/modules/cjs/loader.js:692:17) code: 'MODULE_NOT_FOUND' }
2020-07-05 20:36:17: { Error: Cannot find module './index.json'
2020-07-05 20:36:17:     at Function.Module._resolveFilename (internal/modules/cjs/loader.js:636:15)
2020-07-05 20:36:17:     at Module.Hook._require.Module.require (E:\nodeT\Dave\node_modules\require-in-the-middle\index.js:51:29)
2020-07-05 20:36:17:     at require (internal/modules/cjs/helpers.js:25:18)
2020-07-05 20:36:17:     at Object.<anonymous> (E:\nodeT\Dave\build\config\part_unity.js:10:14)
2020-07-05 20:36:17:     at Module._compile (internal/modules/cjs/loader.js:778:30)
2020-07-05 20:36:17:     at Object.Module._extensions..js (internal/modules/cjs/loader.js:789:10)
2020-07-05 20:36:17:     at Module.load (internal/modules/cjs/loader.js:653:32)
2020-07-05 20:36:17:     at tryModuleLoad (internal/modules/cjs/loader.js:593:12)
2020-07-05 20:36:17:     at Function.Module._load (internal/modules/cjs/loader.js:585:3)
2020-07-05 20:36:17:     at Module.require (internal/modules/cjs/loader.js:692:17) code: 'MODULE_NOT_FOUND' }
2020-07-05 20:36:18: { Error: Cannot find module './index.json'
2020-07-05 20:36:18:     at Function.Module._resolveFilename (internal/modules/cjs/loader.js:636:15)
2020-07-05 20:36:18:     at Module.Hook._require.Module.require (E:\nodeT\Dave\node_modules\require-in-the-middle\index.js:51:29)
2020-07-05 20:36:18:     at require (internal/modules/cjs/helpers.js:25:18)
2020-07-05 20:36:18:     at Object.<anonymous> (E:\nodeT\Dave\build\config\part_unity.js:10:14)
2020-07-05 20:36:18:     at Module._compile (internal/modules/cjs/loader.js:778:30)
2020-07-05 20:36:18:     at Object.Module._extensions..js (internal/modules/cjs/loader.js:789:10)
2020-07-05 20:36:18:     at Module.load (internal/modules/cjs/loader.js:653:32)
2020-07-05 20:36:18:     at tryModuleLoad (internal/modules/cjs/loader.js:593:12)
2020-07-05 20:36:18:     at Function.Module._load (internal/modules/cjs/loader.js:585:3)
2020-07-05 20:36:18:     at Module.require (internal/modules/cjs/loader.js:692:17) code: 'MODULE_NOT_FOUND' }
2020-07-05 20:36:19: { Error: Cannot find module './index.json'
2020-07-05 20:36:19:     at Function.Module._resolveFilename (internal/modules/cjs/loader.js:636:15)
2020-07-05 20:36:19:     at Module.Hook._require.Module.require (E:\nodeT\Dave\node_modules\require-in-the-middle\index.js:51:29)
2020-07-05 20:36:19:     at require (internal/modules/cjs/helpers.js:25:18)
2020-07-05 20:36:19:     at Object.<anonymous> (E:\nodeT\Dave\build\config\part_unity.js:10:14)
2020-07-05 20:36:19:     at Module._compile (internal/modules/cjs/loader.js:778:30)
2020-07-05 20:36:19:     at Object.Module._extensions..js (internal/modules/cjs/loader.js:789:10)
2020-07-05 20:36:19:     at Module.load (internal/modules/cjs/loader.js:653:32)
2020-07-05 20:36:19:     at tryModuleLoad (internal/modules/cjs/loader.js:593:12)
2020-07-05 20:36:19:     at Function.Module._load (internal/modules/cjs/loader.js:585:3)
2020-07-05 20:36:19:     at Module.require (internal/modules/cjs/loader.js:692:17) code: 'MODULE_NOT_FOUND' }
2020-07-05 20:36:19: { Error: Cannot find module './index.json'
2020-07-05 20:36:19:     at Function.Module._resolveFilename (internal/modules/cjs/loader.js:636:15)
2020-07-05 20:36:19:     at Module.Hook._require.Module.require (E:\nodeT\Dave\node_modules\require-in-the-middle\index.js:51:29)
2020-07-05 20:36:19:     at require (internal/modules/cjs/helpers.js:25:18)
2020-07-05 20:36:19:     at Object.<anonymous> (E:\nodeT\Dave\build\config\part_unity.js:10:14)
2020-07-05 20:36:19:     at Module._compile (internal/modules/cjs/loader.js:778:30)
2020-07-05 20:36:19:     at Object.Module._extensions..js (internal/modules/cjs/loader.js:789:10)
2020-07-05 20:36:19:     at Module.load (internal/modules/cjs/loader.js:653:32)
2020-07-05 20:36:19:     at tryModuleLoad (internal/modules/cjs/loader.js:593:12)
2020-07-05 20:36:19:     at Function.Module._load (internal/modules/cjs/loader.js:585:3)
2020-07-05 20:36:19:     at Module.require (internal/modules/cjs/loader.js:692:17) code: 'MODULE_NOT_FOUND' }
2020-07-05 20:36:20: { Error: Cannot find module './index.json'
2020-07-05 20:36:20:     at Function.Module._resolveFilename (internal/modules/cjs/loader.js:636:15)
2020-07-05 20:36:20:     at Module.Hook._require.Module.require (E:\nodeT\Dave\node_modules\require-in-the-middle\index.js:51:29)
2020-07-05 20:36:20:     at require (internal/modules/cjs/helpers.js:25:18)
2020-07-05 20:36:20:     at Object.<anonymous> (E:\nodeT\Dave\build\config\part_unity.js:10:14)
2020-07-05 20:36:20:     at Module._compile (internal/modules/cjs/loader.js:778:30)
2020-07-05 20:36:20:     at Object.Module._extensions..js (internal/modules/cjs/loader.js:789:10)
2020-07-05 20:36:20:     at Module.load (internal/modules/cjs/loader.js:653:32)
2020-07-05 20:36:20:     at tryModuleLoad (internal/modules/cjs/loader.js:593:12)
2020-07-05 20:36:20:     at Function.Module._load (internal/modules/cjs/loader.js:585:3)
2020-07-05 20:36:20:     at Module.require (internal/modules/cjs/loader.js:692:17) code: 'MODULE_NOT_FOUND' }
2020-07-05 20:36:21: { Error: Cannot find module './index.json'
2020-07-05 20:36:21:     at Function.Module._resolveFilename (internal/modules/cjs/loader.js:636:15)
2020-07-05 20:36:21:     at Module.Hook._require.Module.require (E:\nodeT\Dave\node_modules\require-in-the-middle\index.js:51:29)
2020-07-05 20:36:21:     at require (internal/modules/cjs/helpers.js:25:18)
2020-07-05 20:36:21:     at Object.<anonymous> (E:\nodeT\Dave\build\config\part_unity.js:10:14)
2020-07-05 20:36:21:     at Module._compile (internal/modules/cjs/loader.js:778:30)
2020-07-05 20:36:21:     at Object.Module._extensions..js (internal/modules/cjs/loader.js:789:10)
2020-07-05 20:36:21:     at Module.load (internal/modules/cjs/loader.js:653:32)
2020-07-05 20:36:21:     at tryModuleLoad (internal/modules/cjs/loader.js:593:12)
2020-07-05 20:36:21:     at Function.Module._load (internal/modules/cjs/loader.js:585:3)
2020-07-05 20:36:21:     at Module.require (internal/modules/cjs/loader.js:692:17) code: 'MODULE_NOT_FOUND' }
2020-07-05 20:36:21: { Error: Cannot find module './index.json'
2020-07-05 20:36:21:     at Function.Module._resolveFilename (internal/modules/cjs/loader.js:636:15)
2020-07-05 20:36:21:     at Module.Hook._require.Module.require (E:\nodeT\Dave\node_modules\require-in-the-middle\index.js:51:29)
2020-07-05 20:36:21:     at require (internal/modules/cjs/helpers.js:25:18)
2020-07-05 20:36:21:     at Object.<anonymous> (E:\nodeT\Dave\build\config\part_unity.js:10:14)
2020-07-05 20:36:21:     at Module._compile (internal/modules/cjs/loader.js:778:30)
2020-07-05 20:36:21:     at Object.Module._extensions..js (internal/modules/cjs/loader.js:789:10)
2020-07-05 20:36:21:     at Module.load (internal/modules/cjs/loader.js:653:32)
2020-07-05 20:36:21:     at tryModuleLoad (internal/modules/cjs/loader.js:593:12)
2020-07-05 20:36:21:     at Function.Module._load (internal/modules/cjs/loader.js:585:3)
2020-07-05 20:36:21:     at Module.require (internal/modules/cjs/loader.js:692:17) code: 'MODULE_NOT_FOUND' }
2020-07-05 20:36:22: { Error: Cannot find module './index.json'
2020-07-05 20:36:22:     at Function.Module._resolveFilename (internal/modules/cjs/loader.js:636:15)
2020-07-05 20:36:22:     at Module.Hook._require.Module.require (E:\nodeT\Dave\node_modules\require-in-the-middle\index.js:51:29)
2020-07-05 20:36:22:     at require (internal/modules/cjs/helpers.js:25:18)
2020-07-05 20:36:22:     at Object.<anonymous> (E:\nodeT\Dave\build\config\part_unity.js:10:14)
2020-07-05 20:36:22:     at Module._compile (internal/modules/cjs/loader.js:778:30)
2020-07-05 20:36:22:     at Object.Module._extensions..js (internal/modules/cjs/loader.js:789:10)
2020-07-05 20:36:22:     at Module.load (internal/modules/cjs/loader.js:653:32)
2020-07-05 20:36:22:     at tryModuleLoad (internal/modules/cjs/loader.js:593:12)
2020-07-05 20:36:22:     at Function.Module._load (internal/modules/cjs/loader.js:585:3)
2020-07-05 20:36:22:     at Module.require (internal/modules/cjs/loader.js:692:17) code: 'MODULE_NOT_FOUND' }
2020-07-05 20:38:47: { Error: Cannot find module './index.json'
2020-07-05 20:38:47:     at Function.Module._resolveFilename (internal/modules/cjs/loader.js:636:15)
2020-07-05 20:38:47:     at Module.Hook._require.Module.require (E:\nodeT\Dave\node_modules\require-in-the-middle\index.js:51:29)
2020-07-05 20:38:47:     at require (internal/modules/cjs/helpers.js:25:18)
2020-07-05 20:38:47:     at Object.<anonymous> (E:\nodeT\Dave\build\config\part_unity.js:10:14)
2020-07-05 20:38:47:     at Module._compile (internal/modules/cjs/loader.js:778:30)
2020-07-05 20:38:47:     at Object.Module._extensions..js (internal/modules/cjs/loader.js:789:10)
2020-07-05 20:38:47:     at Module.load (internal/modules/cjs/loader.js:653:32)
2020-07-05 20:38:47:     at tryModuleLoad (internal/modules/cjs/loader.js:593:12)
2020-07-05 20:38:47:     at Function.Module._load (internal/modules/cjs/loader.js:585:3)
2020-07-05 20:38:47:     at Module.require (internal/modules/cjs/loader.js:692:17) code: 'MODULE_NOT_FOUND' }
2020-07-05 20:38:50: { Error: Cannot find module './index.json'
2020-07-05 20:38:50:     at Function.Module._resolveFilename (internal/modules/cjs/loader.js:636:15)
2020-07-05 20:38:50:     at Module.Hook._require.Module.require (E:\nodeT\Dave\node_modules\require-in-the-middle\index.js:51:29)
2020-07-05 20:38:50:     at require (internal/modules/cjs/helpers.js:25:18)
2020-07-05 20:38:50:     at Object.<anonymous> (E:\nodeT\Dave\build\config\part_unity.js:10:14)
2020-07-05 20:38:50:     at Module._compile (internal/modules/cjs/loader.js:778:30)
2020-07-05 20:38:50:     at Object.Module._extensions..js (internal/modules/cjs/loader.js:789:10)
2020-07-05 20:38:50:     at Module.load (internal/modules/cjs/loader.js:653:32)
2020-07-05 20:38:50:     at tryModuleLoad (internal/modules/cjs/loader.js:593:12)
2020-07-05 20:38:50:     at Function.Module._load (internal/modules/cjs/loader.js:585:3)
2020-07-05 20:38:50:     at Module.require (internal/modules/cjs/loader.js:692:17) code: 'MODULE_NOT_FOUND' }
2020-07-05 20:38:53: { Error: Cannot find module './index.json'
2020-07-05 20:38:53:     at Function.Module._resolveFilename (internal/modules/cjs/loader.js:636:15)
2020-07-05 20:38:53:     at Module.Hook._require.Module.require (E:\nodeT\Dave\node_modules\require-in-the-middle\index.js:51:29)
2020-07-05 20:38:53:     at require (internal/modules/cjs/helpers.js:25:18)
2020-07-05 20:38:53:     at Object.<anonymous> (E:\nodeT\Dave\build\config\part_unity.js:10:14)
2020-07-05 20:38:53:     at Module._compile (internal/modules/cjs/loader.js:778:30)
2020-07-05 20:38:53:     at Object.Module._extensions..js (internal/modules/cjs/loader.js:789:10)
2020-07-05 20:38:53:     at Module.load (internal/modules/cjs/loader.js:653:32)
2020-07-05 20:38:53:     at tryModuleLoad (internal/modules/cjs/loader.js:593:12)
2020-07-05 20:38:53:     at Function.Module._load (internal/modules/cjs/loader.js:585:3)
2020-07-05 20:38:53:     at Module.require (internal/modules/cjs/loader.js:692:17) code: 'MODULE_NOT_FOUND' }
2020-07-05 20:38:55: { Error: Cannot find module './index.json'
2020-07-05 20:38:55:     at Function.Module._resolveFilename (internal/modules/cjs/loader.js:636:15)
2020-07-05 20:38:55:     at Module.Hook._require.Module.require (E:\nodeT\Dave\node_modules\require-in-the-middle\index.js:51:29)
2020-07-05 20:38:55:     at require (internal/modules/cjs/helpers.js:25:18)
2020-07-05 20:38:55:     at Object.<anonymous> (E:\nodeT\Dave\build\config\part_unity.js:10:14)
2020-07-05 20:38:55:     at Module._compile (internal/modules/cjs/loader.js:778:30)
2020-07-05 20:38:55:     at Object.Module._extensions..js (internal/modules/cjs/loader.js:789:10)
2020-07-05 20:38:55:     at Module.load (internal/modules/cjs/loader.js:653:32)
2020-07-05 20:38:55:     at tryModuleLoad (internal/modules/cjs/loader.js:593:12)
2020-07-05 20:38:55:     at Function.Module._load (internal/modules/cjs/loader.js:585:3)
2020-07-05 20:38:55:     at Module.require (internal/modules/cjs/loader.js:692:17) code: 'MODULE_NOT_FOUND' }
2020-07-05 20:38:56: { Error: Cannot find module './index.json'
2020-07-05 20:38:56:     at Function.Module._resolveFilename (internal/modules/cjs/loader.js:636:15)
2020-07-05 20:38:56:     at Module.Hook._require.Module.require (E:\nodeT\Dave\node_modules\require-in-the-middle\index.js:51:29)
2020-07-05 20:38:56:     at require (internal/modules/cjs/helpers.js:25:18)
2020-07-05 20:38:56:     at Object.<anonymous> (E:\nodeT\Dave\build\config\part_unity.js:10:14)
2020-07-05 20:38:56:     at Module._compile (internal/modules/cjs/loader.js:778:30)
2020-07-05 20:38:56:     at Object.Module._extensions..js (internal/modules/cjs/loader.js:789:10)
2020-07-05 20:38:56:     at Module.load (internal/modules/cjs/loader.js:653:32)
2020-07-05 20:38:56:     at tryModuleLoad (internal/modules/cjs/loader.js:593:12)
2020-07-05 20:38:56:     at Function.Module._load (internal/modules/cjs/loader.js:585:3)
2020-07-05 20:38:56:     at Module.require (internal/modules/cjs/loader.js:692:17) code: 'MODULE_NOT_FOUND' }
2020-07-05 20:38:57: { Error: Cannot find module './index.json'
2020-07-05 20:38:57:     at Function.Module._resolveFilename (internal/modules/cjs/loader.js:636:15)
2020-07-05 20:38:57:     at Module.Hook._require.Module.require (E:\nodeT\Dave\node_modules\require-in-the-middle\index.js:51:29)
2020-07-05 20:38:57:     at require (internal/modules/cjs/helpers.js:25:18)
2020-07-05 20:38:57:     at Object.<anonymous> (E:\nodeT\Dave\build\config\part_unity.js:10:14)
2020-07-05 20:38:57:     at Module._compile (internal/modules/cjs/loader.js:778:30)
2020-07-05 20:38:57:     at Object.Module._extensions..js (internal/modules/cjs/loader.js:789:10)
2020-07-05 20:38:57:     at Module.load (internal/modules/cjs/loader.js:653:32)
2020-07-05 20:38:57:     at tryModuleLoad (internal/modules/cjs/loader.js:593:12)
2020-07-05 20:38:57:     at Function.Module._load (internal/modules/cjs/loader.js:585:3)
2020-07-05 20:38:57:     at Module.require (internal/modules/cjs/loader.js:692:17) code: 'MODULE_NOT_FOUND' }
2020-07-05 20:38:58: { Error: Cannot find module './index.json'
2020-07-05 20:38:58:     at Function.Module._resolveFilename (internal/modules/cjs/loader.js:636:15)
2020-07-05 20:38:58:     at Module.Hook._require.Module.require (E:\nodeT\Dave\node_modules\require-in-the-middle\index.js:51:29)
2020-07-05 20:38:58:     at require (internal/modules/cjs/helpers.js:25:18)
2020-07-05 20:38:58:     at Object.<anonymous> (E:\nodeT\Dave\build\config\part_unity.js:10:14)
2020-07-05 20:38:58:     at Module._compile (internal/modules/cjs/loader.js:778:30)
2020-07-05 20:38:58:     at Object.Module._extensions..js (internal/modules/cjs/loader.js:789:10)
2020-07-05 20:38:58:     at Module.load (internal/modules/cjs/loader.js:653:32)
2020-07-05 20:38:58:     at tryModuleLoad (internal/modules/cjs/loader.js:593:12)
2020-07-05 20:38:58:     at Function.Module._load (internal/modules/cjs/loader.js:585:3)
2020-07-05 20:38:58:     at Module.require (internal/modules/cjs/loader.js:692:17) code: 'MODULE_NOT_FOUND' }
2020-07-05 20:38:59: { Error: Cannot find module './index.json'
2020-07-05 20:38:59:     at Function.Module._resolveFilename (internal/modules/cjs/loader.js:636:15)
2020-07-05 20:38:59:     at Module.Hook._require.Module.require (E:\nodeT\Dave\node_modules\require-in-the-middle\index.js:51:29)
2020-07-05 20:38:59:     at require (internal/modules/cjs/helpers.js:25:18)
2020-07-05 20:38:59:     at Object.<anonymous> (E:\nodeT\Dave\build\config\part_unity.js:10:14)
2020-07-05 20:38:59:     at Module._compile (internal/modules/cjs/loader.js:778:30)
2020-07-05 20:38:59:     at Object.Module._extensions..js (internal/modules/cjs/loader.js:789:10)
2020-07-05 20:38:59:     at Module.load (internal/modules/cjs/loader.js:653:32)
2020-07-05 20:38:59:     at tryModuleLoad (internal/modules/cjs/loader.js:593:12)
2020-07-05 20:38:59:     at Function.Module._load (internal/modules/cjs/loader.js:585:3)
2020-07-05 20:38:59:     at Module.require (internal/modules/cjs/loader.js:692:17) code: 'MODULE_NOT_FOUND' }
