2019-10-17 16:55:51: [32m[2019-10-17T16:55:48.133] [INFO] default - [39mLog from default logger
2019-10-17 16:55:55: [32m[2019-10-17T16:55:53.364] [INFO] default - [39mLog from default logger
2019-10-17 16:55:59: [32m[2019-10-17T16:55:57.720] [INFO] default - [39mLog from default logger
2019-10-17 16:56:01: [32m[2019-10-17T16:56:01.091] [INFO] default - [39mLog from default logger
2019-10-17 16:56:03: [32m[2019-10-17T16:56:03.270] [INFO] default - [39mLog from default logger
2019-10-17 16:56:05: [32m[2019-10-17T16:56:05.593] [INFO] default - [39mLog from default logger
2019-10-17 16:56:07: [32m[2019-10-17T16:56:07.354] [INFO] default - [39mLog from default logger
2019-10-17 16:56:09: [32m[2019-10-17T16:56:09.146] [INFO] default - [39mLog from default logger
2019-10-17 16:56:10: [32m[2019-10-17T16:56:10.917] [INFO] default - [39mLog from default logger
2019-10-17 16:56:12: [32m[2019-10-17T16:56:12.637] [INFO] default - [39mLog from default logger
2019-10-17 16:56:14: [32m[2019-10-17T16:56:14.351] [INFO] default - [39mLog from default logger
2019-10-17 16:56:16: [32m[2019-10-17T16:56:16.063] [INFO] default - [39mLog from default logger
2019-10-17 16:56:17: [32m[2019-10-17T16:56:17.818] [INFO] default - [39mLog from default logger
2019-10-17 16:56:19: [32m[2019-10-17T16:56:19.549] [INFO] default - [39mLog from default logger
2019-10-17 16:56:21: [32m[2019-10-17T16:56:21.311] [INFO] default - [39mLog from default logger
2019-10-17 16:56:23: [32m[2019-10-17T16:56:23.092] [INFO] default - [39mLog from default logger
2019-10-17 16:56:24: [32m[2019-10-17T16:56:24.840] [INFO] default - [39mLog from default logger
2019-10-17 16:56:26: [32m[2019-10-17T16:56:26.566] [INFO] default - [39mLog from default logger
2019-10-17 16:56:28: [32m[2019-10-17T16:56:28.275] [INFO] default - [39mLog from default logger
2019-10-17 16:56:29: [32m[2019-10-17T16:56:29.985] [INFO] default - [39mLog from default logger
2019-10-17 16:56:31: [32m[2019-10-17T16:56:31.711] [INFO] default - [39mLog from default logger
2019-10-17 16:56:33: [32m[2019-10-17T16:56:33.431] [INFO] default - [39mLog from default logger
2019-10-17 16:56:35: [32m[2019-10-17T16:56:35.151] [INFO] default - [39mLog from default logger
2019-10-17 16:56:36: [32m[2019-10-17T16:56:36.976] [INFO] default - [39mLog from default logger
2019-10-17 16:56:38: [32m[2019-10-17T16:56:38.716] [INFO] default - [39mLog from default logger
2019-10-17 16:56:40: [32m[2019-10-17T16:56:40.571] [INFO] default - [39mLog from default logger
2019-10-17 16:56:42: [32m[2019-10-17T16:56:42.458] [INFO] default - [39mLog from default logger
2019-10-17 16:56:44: [32m[2019-10-17T16:56:44.368] [INFO] default - [39mLog from default logger
2019-10-17 16:56:47: [32m[2019-10-17T16:56:47.198] [INFO] default - [39mLog from default logger
2019-10-17 16:56:49: [32m[2019-10-17T16:56:49.026] [INFO] default - [39mLog from default logger
2019-10-17 16:56:50: [32m[2019-10-17T16:56:50.822] [INFO] default - [39mLog from default logger
2019-10-17 16:56:53: [32m[2019-10-17T16:56:53.015] [INFO] default - [39mLog from default logger
2019-10-17 16:56:56: [32m[2019-10-17T16:56:56.118] [INFO] default - [39mLog from default logger
2019-10-17 16:56:58: [32m[2019-10-17T16:56:58.000] [INFO] default - [39mLog from default logger
2019-10-17 16:56:59: [32m[2019-10-17T16:56:59.854] [INFO] default - [39mLog from default logger
2019-10-17 16:57:01: [32m[2019-10-17T16:57:01.634] [INFO] default - [39mLog from default logger
2019-10-17 16:57:03: [32m[2019-10-17T16:57:03.488] [INFO] default - [39mLog from default logger
2019-10-17 16:57:05: [32m[2019-10-17T16:57:05.372] [INFO] default - [39mLog from default logger
2019-10-17 16:57:07: [32m[2019-10-17T16:57:07.108] [INFO] default - [39mLog from default logger
2019-10-17 16:57:08: [32m[2019-10-17T16:57:08.836] [INFO] default - [39mLog from default logger
2019-10-17 16:57:10: [32m[2019-10-17T16:57:10.569] [INFO] default - [39mLog from default logger
2019-10-17 16:57:12: [32m[2019-10-17T16:57:12.333] [INFO] default - [39mLog from default logger
2019-10-17 16:57:14: [32m[2019-10-17T16:57:14.066] [INFO] default - [39mLog from default logger
2019-10-17 16:57:15: [32m[2019-10-17T16:57:15.813] [INFO] default - [39mLog from default logger
2019-10-17 16:57:17: [32m[2019-10-17T16:57:17.590] [INFO] default - [39mLog from default logger
2019-10-17 16:57:19: [32m[2019-10-17T16:57:19.292] [INFO] default - [39mLog from default logger
2019-10-17 16:57:21: [32m[2019-10-17T16:57:21.052] [INFO] default - [39mLog from default logger
2019-10-17 16:57:22: [32m[2019-10-17T16:57:22.877] [INFO] default - [39mLog from default logger
2019-10-17 16:57:24: [32m[2019-10-17T16:57:24.672] [INFO] default - [39mLog from default logger
2019-10-17 16:57:26: [32m[2019-10-17T16:57:26.528] [INFO] default - [39mLog from default logger
2019-10-17 16:57:28: [32m[2019-10-17T16:57:28.320] [INFO] default - [39mLog from default logger
2019-10-17 16:57:30: [32m[2019-10-17T16:57:30.092] [INFO] default - [39mLog from default logger
2019-10-17 16:57:31: [32m[2019-10-17T16:57:31.912] [INFO] default - [39mLog from default logger
2019-10-17 16:57:33: [32m[2019-10-17T16:57:33.705] [INFO] default - [39mLog from default logger
2019-10-17 16:57:35: [32m[2019-10-17T16:57:35.551] [INFO] default - [39mLog from default logger
2019-10-17 16:57:37: [32m[2019-10-17T16:57:37.457] [INFO] default - [39mLog from default logger
2019-10-17 16:57:39: [32m[2019-10-17T16:57:39.200] [INFO] default - [39mLog from default logger
2019-10-17 16:57:40: [32m[2019-10-17T16:57:40.923] [INFO] default - [39mLog from default logger
2019-10-17 16:57:42: [32m[2019-10-17T16:57:42.625] [INFO] default - [39mLog from default logger
2019-10-17 16:57:44: [32m[2019-10-17T16:57:44.328] [INFO] default - [39mLog from default logger
2019-10-17 16:57:46: [32m[2019-10-17T16:57:46.026] [INFO] default - [39mLog from default logger
2019-10-17 16:57:47: [32m[2019-10-17T16:57:47.816] [INFO] default - [39mLog from default logger
2019-10-17 16:57:49: [32m[2019-10-17T16:57:49.579] [INFO] default - [39mLog from default logger
2019-10-17 16:57:51: [32m[2019-10-17T16:57:51.314] [INFO] default - [39mLog from default logger
2019-10-17 16:57:53: [32m[2019-10-17T16:57:53.043] [INFO] default - [39mLog from default logger
2019-10-17 16:57:54: [32m[2019-10-17T16:57:54.755] [INFO] default - [39mLog from default logger
2019-10-17 16:57:56: [32m[2019-10-17T16:57:56.516] [INFO] default - [39mLog from default logger
2019-10-17 16:57:58: [32m[2019-10-17T16:57:58.319] [INFO] default - [39mLog from default logger
2019-10-17 16:58:00: [32m[2019-10-17T16:58:00.073] [INFO] default - [39mLog from default logger
2019-10-17 16:58:01: [32m[2019-10-17T16:58:01.830] [INFO] default - [39mLog from default logger
2019-10-17 16:58:03: [32m[2019-10-17T16:58:03.599] [INFO] default - [39mLog from default logger
2019-10-17 16:58:05: [32m[2019-10-17T16:58:05.320] [INFO] default - [39mLog from default logger
2019-10-17 16:58:08: [32m[2019-10-17T16:58:08.837] [INFO] default - [39mLog from default logger
2019-10-17 16:58:08: Example app listening on port 8888!
2019-10-17 16:58:09: undefined 'global.access_token_pl'
2019-10-17 16:58:15: [32m[2019-10-17T16:58:15.315] [INFO] default - [39mLog from default logger
2019-10-17 16:58:15: Example app listening on port 8888!
2019-10-17 16:58:15: undefined 'global.access_token_pl'
2019-10-17 17:05:00: undefined
2019-10-17 17:35:00: undefined
2019-10-17 18:05:00: undefined
2020-04-21 11:32:20: [32m[2020-04-21T11:32:19.647] [INFO] default - [39mLog from default logger
2020-04-21 11:32:20: Example app listening on port 8030!
2020-04-21 11:33:31: [32m[2020-04-21T11:33:30.719] [INFO] default - [39mLog from default logger
2020-04-21 11:33:31: Example app listening on port 8030!
2020-04-21 11:34:38: [32m[2020-04-21T11:34:38.036] [INFO] default - [39mLog from default logger
2020-04-21 11:34:38: Example app listening on port 8030!
2020-04-21 11:39:13: [32m[2020-04-21T11:39:13.575] [INFO] default - [39mLog from default logger
2020-04-21 15:15:23: [32m[2020-04-21T15:15:23.218] [INFO] default - [39mLog from default logger
2020-04-21 15:16:32: 456789 obj
2020-04-21 15:17:32: 4563232789 obj
2020-04-21 15:21:53: [32m[2020-04-21T15:21:53.848] [INFO] default - [39mLog from default logger
2020-04-21 15:22:28: [32m[2020-04-21T15:22:28.723] [INFO] default - [39mLog from default logger
2020-04-21 15:22:29: [32m[2020-04-21T15:22:29.521] [INFO] default - [39mLog from default logger
2020-04-21 15:23:42: [32m[2020-04-21T15:23:42.853] [INFO] default - [39mLog from default logger
